Clock: clk
Sources: clk 
Generated: no
Virtual: yes
Propagated: no
Period: 50.000000

===========================================================================
report_clock_properties
============================================================================
Clock                   Period          Waveform
----------------------------------------------------
clk                  50.000000    0.000000 25.000000

===========================================================================
report_clock_latency
============================================================================
Clock clk
rise -> rise
    min     max
0.000000 0.000000 source latency
0.245468         network latency _233_/CLK
        0.246220 network latency _234_/CLK
---------------
0.245468 0.246220 latency
        0.000752 skew

fall -> fall
    min     max
0.000000 0.000000 source latency
0.118325         network latency _233_/CLK
        0.119030 network latency _234_/CLK
---------------
0.118325 0.119030 latency
        0.000705 skew



===========================================================================
report_clock_min_period
============================================================================
clk period_min = 2.56 fmax = 390.27
