Clock: clk
Sources: clk 
Generated: no
Virtual: yes
Propagated: no
Period: 50.000000

===========================================================================
report_clock_properties
============================================================================
Clock                   Period          Waveform
----------------------------------------------------
clk                  50.000000    0.000000 25.000000

===========================================================================
report_clock_latency
============================================================================
Clock clk
rise -> rise
    min     max
0.000000 0.000000 source latency
0.326656         network latency _238_/CLK
        0.329614 network latency _242_/CLK
---------------
0.326656 0.329614 latency
        0.002958 skew

fall -> fall
    min     max
0.000000 0.000000 source latency
0.317661         network latency _238_/CLK
        0.320272 network latency _242_/CLK
---------------
0.317661 0.320272 latency
        0.002611 skew



===========================================================================
report_clock_min_period
============================================================================
clk period_min = 2.31 fmax = 433.15
