Clock: clk
Sources: clk 
Generated: no
Virtual: yes
Propagated: no
Period: 50.000000

===========================================================================
report_clock_properties
============================================================================
Clock                   Period          Waveform
----------------------------------------------------
clk                  50.000000    0.000000 25.000000

===========================================================================
report_clock_latency
============================================================================
Clock clk
rise -> rise
    min     max
0.000000 0.000000 source latency
0.312962         network latency _227_/CLK
        0.316506 network latency _236_/CLK
---------------
0.312962 0.316506 latency
        0.003544 skew

fall -> fall
    min     max
0.000000 0.000000 source latency
0.309157         network latency _227_/CLK
        0.312129 network latency _236_/CLK
---------------
0.309157 0.312129 latency
        0.002972 skew



===========================================================================
report_clock_min_period
============================================================================
clk period_min = 2.28 fmax = 439.07
