Reading timing models for corner nom_tt_025C_1v80…
Reading timing library for the 'nom_tt_025C_1v80' corner at '/home/felix/.volare/volare/sky130/versions/0fe599b2afb6708d281543108caf8310912f54af/sky130A/libs.ref/sky130_fd_sc_hd/lib/sky130_fd_sc_hd__tt_025C_1v80.lib'…
Reading timing models for corner nom_ff_n40C_1v95…
Reading timing library for the 'nom_ff_n40C_1v95' corner at '/home/felix/.volare/volare/sky130/versions/0fe599b2afb6708d281543108caf8310912f54af/sky130A/libs.ref/sky130_fd_sc_hd/lib/sky130_fd_sc_hd__ff_n40C_1v95.lib'…
Reading timing models for corner nom_ss_100C_1v60…
Reading timing library for the 'nom_ss_100C_1v60' corner at '/home/felix/.volare/volare/sky130/versions/0fe599b2afb6708d281543108caf8310912f54af/sky130A/libs.ref/sky130_fd_sc_hd/lib/sky130_fd_sc_hd__ss_100C_1v60.lib'…
Reading OpenROAD database at '/home/felix/hdl-repo/UART_Chip_SV/runs/RUN_2026-02-05_20-55-55/34-openroad-cts/top.odb'…
Reading design constraints file at '/nix/store/h0ldzjka94yryiq8yxbxmwargpnmwhx6-python3-3.11.9-env/lib/python3.11/site-packages/openlane/scripts/base.sdc'…
[INFO] Using clock clk…
[INFO] Setting output delay to: 10
[INFO] Setting input delay to: 10
[INFO] Setting load to: 0.033442
[INFO] Setting clock uncertainty to: 0.25
[INFO] Setting clock transition to: 0.1499999999999999944488848768742172978818416595458984375
[INFO] Setting timing derate to: 5%
[INFO] Setting RC values…
[INFO RSZ-0098] No setup violations found
[INFO RSZ-0046] Found 24 endpoints with hold violations.
Iteration | Resized | Buffers | Cloned Gates |   WNS   |   TNS   | Endpoint
---------------------------------------------------------------------------
        0 |       0 |       0 |            0 |   0.035 |   0.000 | _221_/D
    final |       0 |      20 |            0 |   0.101 |   0.000 | _235_/D
---------------------------------------------------------------------------
[INFO RSZ-0032] Inserted 20 hold buffers.
Placement Analysis
---------------------------------
total displacement        184.5 u
average displacement        0.7 u
max displacement            8.7 u
original HPWL            2228.3 u
legalized HPWL           2512.0 u
delta HPWL                   13 %

[INFO DPL-0020] Mirrored 93 instances
[INFO DPL-0021] HPWL before            2512.0 u
[INFO DPL-0022] HPWL after             2353.8 u
[INFO DPL-0023] HPWL delta               -6.3 %
[INFO] Setting RC values…
Setting global connections for newly added cells…
[INFO] Setting global connections...
Updating metrics…
Cell type report:                       Count       Area
  Fill cell                                40     150.14
  Tap cell                                 44      55.05
  Clock buffer                              6     138.88
  Timing Repair Buffer                     38     289.03
  Inverter                                 39     146.39
  Clock inverter                            2      35.03
  Sequential cell                          31     779.50
  Multi-Input combinational cell           71     554.28
  Total                                   271    2148.31
Writing OpenROAD database to '/home/felix/hdl-repo/UART_Chip_SV/runs/RUN_2026-02-05_20-55-55/36-openroad-resizertimingpostcts/top.odb'…
Writing netlist to '/home/felix/hdl-repo/UART_Chip_SV/runs/RUN_2026-02-05_20-55-55/36-openroad-resizertimingpostcts/top.nl.v'…
Writing powered netlist to '/home/felix/hdl-repo/UART_Chip_SV/runs/RUN_2026-02-05_20-55-55/36-openroad-resizertimingpostcts/top.pnl.v'…
Writing layout to '/home/felix/hdl-repo/UART_Chip_SV/runs/RUN_2026-02-05_20-55-55/36-openroad-resizertimingpostcts/top.def'…
Writing timing constraints to '/home/felix/hdl-repo/UART_Chip_SV/runs/RUN_2026-02-05_20-55-55/36-openroad-resizertimingpostcts/top.sdc'…
