Clock: clk
Sources: clk 
Generated: no
Virtual: yes
Propagated: no
Period: 50.000000

===========================================================================
report_clock_properties
============================================================================
Clock                   Period          Waveform
----------------------------------------------------
clk                  50.000000    0.000000 25.000000

===========================================================================
report_clock_latency
============================================================================
Clock clk
rise -> rise
    min     max
0.000000 0.000000 source latency
0.319175         network latency _238_/CLK
        0.321603 network latency _242_/CLK
---------------
0.319175 0.321603 latency
        0.002428 skew

fall -> fall
    min     max
0.000000 0.000000 source latency
0.312271         network latency _238_/CLK
        0.314417 network latency _242_/CLK
---------------
0.312271 0.314417 latency
        0.002146 skew



===========================================================================
report_clock_min_period
============================================================================
clk period_min = 2.26 fmax = 442.04
