Clock: clk
Sources: clk 
Generated: no
Virtual: yes
Propagated: no
Period: 50.000000

===========================================================================
report_clock_properties
============================================================================
Clock                   Period          Waveform
----------------------------------------------------
clk                  50.000000    0.000000 25.000000

===========================================================================
report_clock_latency
============================================================================
Clock clk
rise -> rise
    min     max
0.000000 0.000000 source latency
0.222701         network latency _234_/CLK
        0.228082 network latency _245_/CLK
---------------
0.222701 0.228082 latency
        0.005381 skew

fall -> fall
    min     max
0.000000 0.000000 source latency
0.214660         network latency _234_/CLK
        0.219291 network latency _245_/CLK
---------------
0.214660 0.219291 latency
        0.004631 skew



===========================================================================
report_clock_min_period
============================================================================
clk period_min = 1.47 fmax = 679.80
