Clock: clk
Sources: clk 
Generated: no
Virtual: yes
Propagated: no
Period: 50.000000

===========================================================================
report_clock_properties
============================================================================
Clock                   Period          Waveform
----------------------------------------------------
clk                  50.000000    0.000000 25.000000

===========================================================================
report_clock_latency
============================================================================
Clock clk
rise -> rise
    min     max
0.000000 0.000000 source latency
0.572704         network latency _224_/CLK
        0.580139 network latency _220_/CLK
---------------
0.572704 0.580139 latency
        0.007436 skew

fall -> fall
    min     max
0.000000 0.000000 source latency
0.571614         network latency _224_/CLK
        0.577778 network latency _220_/CLK
---------------
0.571614 0.577778 latency
        0.006164 skew



===========================================================================
report_clock_min_period
============================================================================
clk period_min = 5.10 fmax = 195.95
