Clock: clk
Sources: clk 
Generated: no
Virtual: yes
Propagated: no
Period: 50.000000

===========================================================================
report_clock_properties
============================================================================
Clock                   Period          Waveform
----------------------------------------------------
clk                  50.000000    0.000000 25.000000

===========================================================================
report_clock_latency
============================================================================
Clock clk
rise -> rise
    min     max
0.000000 0.000000 source latency
0.330517         network latency _238_/CLK
        0.338543 network latency _245_/CLK
---------------
0.330517 0.338543 latency
        0.008027 skew

fall -> fall
    min     max
0.000000 0.000000 source latency
0.321497         network latency _238_/CLK
        0.328438 network latency _245_/CLK
---------------
0.321497 0.328438 latency
        0.006940 skew



===========================================================================
report_clock_min_period
============================================================================
clk period_min = 2.33 fmax = 428.42
