Clock: clk
Sources: clk 
Generated: no
Virtual: yes
Propagated: no
Period: 50.000000

===========================================================================
report_clock_properties
============================================================================
Clock                   Period          Waveform
----------------------------------------------------
clk                  50.000000    0.000000 25.000000

===========================================================================
report_clock_latency
============================================================================
Clock clk
rise -> rise
    min     max
0.000000 0.000000 source latency
0.311857         network latency _234_/CLK
        0.314601 network latency _243_/CLK
---------------
0.311857 0.314601 latency
        0.002743 skew

fall -> fall
    min     max
0.000000 0.000000 source latency
0.308697         network latency _234_/CLK
        0.310969 network latency _243_/CLK
---------------
0.308697 0.310969 latency
        0.002272 skew



===========================================================================
report_clock_min_period
============================================================================
clk period_min = 2.26 fmax = 442.46
