Clock: clk
Sources: clk 
Generated: no
Virtual: yes
Propagated: no
Period: 50.000000

===========================================================================
report_clock_properties
============================================================================
Clock                   Period          Waveform
----------------------------------------------------
clk                  50.000000    0.000000 25.000000

===========================================================================
report_clock_latency
============================================================================
Clock clk
rise -> rise
    min     max
0.000000 0.000000 source latency
0.248852         network latency _221_/CLK
        0.249629 network latency _238_/CLK
---------------
0.248852 0.249629 latency
        0.000777 skew

fall -> fall
    min     max
0.000000 0.000000 source latency
0.120091         network latency _221_/CLK
        0.120821 network latency _238_/CLK
---------------
0.120091 0.120821 latency
        0.000730 skew



===========================================================================
report_clock_min_period
============================================================================
clk period_min = 2.56 fmax = 389.92
