Clock: clk
Sources: clk 
Generated: no
Virtual: yes
Propagated: no
Period: 50.000000

===========================================================================
report_clock_properties
============================================================================
Clock                   Period          Waveform
----------------------------------------------------
clk                  50.000000    0.000000 25.000000

===========================================================================
report_clock_latency
============================================================================
Clock clk
rise -> rise
    min     max
0.000000 0.000000 source latency
0.316282         network latency _234_/CLK
        0.321249 network latency _245_/CLK
---------------
0.316282 0.321249 latency
        0.004967 skew

fall -> fall
    min     max
0.000000 0.000000 source latency
0.312104         network latency _234_/CLK
        0.316254 network latency _245_/CLK
---------------
0.312104 0.316254 latency
        0.004150 skew



===========================================================================
report_clock_min_period
============================================================================
clk period_min = 2.30 fmax = 435.19
