Clock: clk
Sources: clk 
Generated: no
Virtual: yes
Propagated: no
Period: 50.000000

===========================================================================
report_clock_properties
============================================================================
Clock                   Period          Waveform
----------------------------------------------------
clk                  50.000000    0.000000 25.000000

===========================================================================
report_clock_latency
============================================================================
Clock clk
rise -> rise
    min     max
0.000000 0.000000 source latency
0.336137         network latency _238_/CLK
        0.340438 network latency _245_/CLK
---------------
0.336137 0.340438 latency
        0.004300 skew

fall -> fall
    min     max
0.000000 0.000000 source latency
0.323352         network latency _238_/CLK
        0.327098 network latency _245_/CLK
---------------
0.323352 0.327098 latency
        0.003746 skew



===========================================================================
report_clock_min_period
============================================================================
clk period_min = 2.33 fmax = 428.47
