Clock: clk
Sources: clk 
Generated: no
Virtual: yes
Propagated: no
Period: 50.000000

===========================================================================
report_clock_properties
============================================================================
Clock                   Period          Waveform
----------------------------------------------------
clk                  50.000000    0.000000 25.000000

===========================================================================
report_clock_latency
============================================================================
Clock clk
rise -> rise
    min     max
0.000000 0.000000 source latency
0.312762         network latency _227_/CLK
        0.316505 network latency _236_/CLK
---------------
0.312762 0.316505 latency
        0.003743 skew

fall -> fall
    min     max
0.000000 0.000000 source latency
0.308987         network latency _227_/CLK
        0.312125 network latency _236_/CLK
---------------
0.308987 0.312125 latency
        0.003139 skew



===========================================================================
report_clock_min_period
============================================================================
clk period_min = 2.28 fmax = 439.17
