Clock: clk
Sources: clk 
Generated: no
Virtual: yes
Propagated: no
Period: 50.000000

===========================================================================
report_clock_properties
============================================================================
Clock                   Period          Waveform
----------------------------------------------------
clk                  50.000000    0.000000 25.000000

===========================================================================
report_clock_latency
============================================================================
Clock clk
rise -> rise
    min     max
0.000000 0.000000 source latency
0.565795         network latency _224_/CLK
        0.572721 network latency _220_/CLK
---------------
0.565795 0.572721 latency
        0.006926 skew

fall -> fall
    min     max
0.000000 0.000000 source latency
0.566420         network latency _224_/CLK
        0.572138 network latency _220_/CLK
---------------
0.566420 0.572138 latency
        0.005718 skew



===========================================================================
report_clock_min_period
============================================================================
clk period_min = 5.07 fmax = 197.29
