Clock: clk
Sources: clk 
Generated: no
Virtual: yes
Propagated: no
Period: 50.000000

===========================================================================
report_clock_properties
============================================================================
Clock                   Period          Waveform
----------------------------------------------------
clk                  50.000000    0.000000 25.000000

===========================================================================
report_clock_latency
============================================================================
Clock clk
rise -> rise
    min     max
0.000000 0.000000 source latency
0.232265         network latency _224_/CLK
        0.237380 network latency _220_/CLK
---------------
0.232265 0.237380 latency
        0.005115 skew

fall -> fall
    min     max
0.000000 0.000000 source latency
0.221133         network latency _224_/CLK
        0.225523 network latency _220_/CLK
---------------
0.221133 0.225523 latency
        0.004389 skew



===========================================================================
report_clock_min_period
============================================================================
clk period_min = 1.53 fmax = 653.76
