
===========================================================================
report_checks -unconstrained
===========================================================================
======================= min_tt_025C_1v80 Corner ===================================

Startpoint: rst (input port clocked by clk)
Endpoint: _239_ (recovery check against rising-edge clock clk)
Path Group: asynchronous
Path Type: max

Fanout         Cap        Slew       Delay        Time   Description
---------------------------------------------------------------------------------------------
                                  0.000000    0.000000   clock clk (rise edge)
                                  0.000000    0.000000   clock network delay (propagated)
                                 10.000000   10.000000 v input external delay
     1    0.002761    0.008541    0.004353   10.004354 v rst (in)
                                                         rst (net)
                      0.008541    0.000000   10.004354 v input10/A (sky130_fd_sc_hd__clkbuf_1)
     1    0.003510    0.030096    0.075782   10.080135 v input10/X (sky130_fd_sc_hd__clkbuf_1)
                                                         net10 (net)
                      0.030096    0.000052   10.080188 v fanout18/A (sky130_fd_sc_hd__clkbuf_4)
     7    0.039325    0.088837    0.183534   10.263721 v fanout18/X (sky130_fd_sc_hd__clkbuf_4)
                                                         net18 (net)
                      0.088837    0.000266   10.263988 v fanout17/A (sky130_fd_sc_hd__buf_4)
    10    0.056381    0.080710    0.211003   10.474991 v fanout17/X (sky130_fd_sc_hd__buf_4)
                                                         net17 (net)
                      0.080727    0.001194   10.476185 v _113_/A (sky130_fd_sc_hd__inv_2)
     1    0.003878    0.033167    0.057344   10.533529 ^ _113_/Y (sky130_fd_sc_hd__inv_2)
                                                         _037_ (net)
                      0.033167    0.000016   10.533545 ^ _239_/SET_B (sky130_fd_sc_hd__dfstp_1)
                                             10.533545   data arrival time

                                 50.000000   50.000000   clock clk (rise edge)
                                  0.000000   50.000000   clock source latency
     1    0.011931    0.060043    0.040348   50.040348 ^ clk (in)
                                                         clk (net)
                      0.060046    0.000000   50.040348 ^ clkbuf_0_clk/A (sky130_fd_sc_hd__clkbuf_16)
     4    0.039528    0.059369    0.147061   50.187408 ^ clkbuf_0_clk/X (sky130_fd_sc_hd__clkbuf_16)
                                                         clknet_0_clk (net)
                      0.059372    0.000430   50.187836 ^ clkbuf_2_2__f_clk/A (sky130_fd_sc_hd__clkbuf_16)
     8    0.025622    0.046841    0.136041   50.323879 ^ clkbuf_2_2__f_clk/X (sky130_fd_sc_hd__clkbuf_16)
                                                         clknet_2_2__leaf_clk (net)
                      0.046841    0.000234   50.324112 ^ _239_/CLK (sky130_fd_sc_hd__dfstp_1)
                                 -0.250000   50.074112   clock uncertainty
                                  0.000000   50.074112   clock reconvergence pessimism
                                  0.139151   50.213264   library recovery time
                                             50.213264   data required time
---------------------------------------------------------------------------------------------
                                             50.213264   data required time
                                            -10.533545   data arrival time
---------------------------------------------------------------------------------------------
                                             39.679722   slack (MET)


Startpoint: _239_ (rising edge-triggered flip-flop clocked by clk)
Endpoint: tx (output port clocked by clk)
Path Group: clk
Path Type: max

Fanout         Cap        Slew       Delay        Time   Description
---------------------------------------------------------------------------------------------
                                  0.000000    0.000000   clock clk (rise edge)
                                  0.000000    0.000000   clock source latency
     1    0.011931    0.060043    0.040348    0.040348 ^ clk (in)
                                                         clk (net)
                      0.060046    0.000000    0.040348 ^ clkbuf_0_clk/A (sky130_fd_sc_hd__clkbuf_16)
     4    0.039528    0.059369    0.147062    0.187410 ^ clkbuf_0_clk/X (sky130_fd_sc_hd__clkbuf_16)
                                                         clknet_0_clk (net)
                      0.059372    0.000429    0.187839 ^ clkbuf_2_2__f_clk/A (sky130_fd_sc_hd__clkbuf_16)
     8    0.025622    0.046841    0.136040    0.323879 ^ clkbuf_2_2__f_clk/X (sky130_fd_sc_hd__clkbuf_16)
                                                         clknet_2_2__leaf_clk (net)
                      0.046841    0.000234    0.324113 ^ _239_/CLK (sky130_fd_sc_hd__dfstp_1)
     1    0.002142    0.040929    0.487558    0.811671 ^ _239_/Q (sky130_fd_sc_hd__dfstp_1)
                                                         net12 (net)
                      0.040929    0.000011    0.811682 ^ output12/A (sky130_fd_sc_hd__buf_2)
     1    0.033876    0.168289    0.195454    1.007136 ^ output12/X (sky130_fd_sc_hd__buf_2)
                                                         tx (net)
                      0.168289    0.000163    1.007299 ^ tx (out)
                                              1.007299   data arrival time

                                 50.000000   50.000000   clock clk (rise edge)
                                  0.000000   50.000000   clock network delay (propagated)
                                 -0.250000   49.749996   clock uncertainty
                                  0.000000   49.749996   clock reconvergence pessimism
                                -10.000000   39.749996   output external delay
                                             39.749996   data required time
---------------------------------------------------------------------------------------------
                                             39.749996   data required time
                                             -1.007299   data arrival time
---------------------------------------------------------------------------------------------
                                             38.742699   slack (MET)




===========================================================================
report_checks --slack_max -0.01
============================================================================
======================= min_tt_025C_1v80 Corner ===================================

No paths found.


===========================================================================
 report_check_types -max_slew -max_cap -max_fanout -violators
============================================================================
======================= min_tt_025C_1v80 Corner ===================================



===========================================================================
report_parasitic_annotation -report_unannotated
============================================================================
Found 3 unannotated drivers.
 clkload0/X
 clkload1/Y
 clkload2/Y
Found 0 partially unannotated drivers.

===========================================================================
max slew violation count 0
max fanout violation count 0
max cap violation count 0
============================================================================

===========================================================================
check_setup -verbose -unconstrained_endpoints -multiple_clock -no_clock -no_input_delay -loops -generated_clocks
===========================================================================
