Clock: clk
Sources: clk 
Generated: no
Virtual: yes
Propagated: no
Period: 50.000000

===========================================================================
report_clock_properties
============================================================================
Clock                   Period          Waveform
----------------------------------------------------
clk                  50.000000    0.000000 25.000000

===========================================================================
report_clock_latency
============================================================================
Clock clk
rise -> rise
    min     max
0.000000 0.000000 source latency
0.321644         network latency _234_/CLK
        0.328334 network latency _245_/CLK
---------------
0.321644 0.328334 latency
        0.006690 skew

fall -> fall
    min     max
0.000000 0.000000 source latency
0.315271         network latency _234_/CLK
        0.321146 network latency _245_/CLK
---------------
0.315271 0.321146 latency
        0.005874 skew



===========================================================================
report_clock_min_period
============================================================================
clk period_min = 2.31 fmax = 433.28
