Clock: clk
Sources: clk 
Generated: no
Virtual: no
Propagated: no
Period: 50.000000

===========================================================================
report_clock_properties
============================================================================
Clock                   Period          Waveform
----------------------------------------------------
clk                  50.000000    0.000000 25.000000

===========================================================================
report_clock_latency
============================================================================
Clock clk
rise -> rise
    min     max
0.000000 0.000000 source latency
0.182927         network latency _220_/CLK
        0.182927 network latency _220_/CLK
---------------
0.182927 0.182927 latency
        0.000000 skew

fall -> fall
    min     max
0.000000 0.000000 source latency
0.085473         network latency _220_/CLK
        0.085473 network latency _220_/CLK
---------------
0.085473 0.085473 latency
        0.000000 skew



===========================================================================
report_clock_min_period
============================================================================
clk period_min = 2.51 fmax = 398.98
