Reading OpenROAD database at '/home/felix/hdl-repo/UART_Chip_SV/runs/RUN_2026-02-05_20-50-44/15-odb-setpowerconnections/top.odb'…
Reading library file at '/home/felix/.volare/volare/sky130/versions/0fe599b2afb6708d281543108caf8310912f54af/sky130A/libs.ref/sky130_fd_sc_hd/lib/sky130_fd_sc_hd__tt_025C_1v80.lib'…
Reading design constraints file at '/nix/store/h0ldzjka94yryiq8yxbxmwargpnmwhx6-python3-3.11.9-env/lib/python3.11/site-packages/openlane/scripts/base.sdc'…
[INFO] Using clock clk…
[INFO] Setting output delay to: 10
[INFO] Setting input delay to: 10
[INFO] Setting load to: 0.033442
[INFO] Setting clock uncertainty to: 0.25
[INFO] Setting clock transition to: 0.1499999999999999944488848768742172978818416595458984375
[INFO] Setting timing derate to: 5%
Setting global connections for newly added cells…
[INFO] Setting global connections...
Updating metrics…
Cell type report:                       Count       Area
  Inverter                                 39     146.39
  Sequential cell                          31     814.53
  Multi-Input combinational cell           71     648.12
  Total                                   141    1609.04
Writing OpenROAD database to '/home/felix/hdl-repo/UART_Chip_SV/runs/RUN_2026-02-05_20-50-44/17-openroad-cutrows/top.odb'…
Writing layout to '/home/felix/hdl-repo/UART_Chip_SV/runs/RUN_2026-02-05_20-50-44/17-openroad-cutrows/top.def'…
