Clock: clk
Sources: clk 
Generated: no
Virtual: yes
Propagated: no
Period: 50.000000

===========================================================================
report_clock_properties
============================================================================
Clock                   Period          Waveform
----------------------------------------------------
clk                  50.000000    0.000000 25.000000

===========================================================================
report_clock_latency
============================================================================
Clock clk
rise -> rise
    min     max
0.000000 0.000000 source latency
0.583355         network latency _238_/CLK
        0.589069 network latency _245_/CLK
---------------
0.583355 0.589069 latency
        0.005715 skew

fall -> fall
    min     max
0.000000 0.000000 source latency
0.576851         network latency _238_/CLK
        0.581904 network latency _245_/CLK
---------------
0.576851 0.581904 latency
        0.005054 skew



===========================================================================
report_clock_min_period
============================================================================
clk period_min = 5.02 fmax = 199.23
