Clock: clk
Sources: clk 
Generated: no
Virtual: yes
Propagated: no
Period: 50.000000

===========================================================================
report_clock_properties
============================================================================
Clock                   Period          Waveform
----------------------------------------------------
clk                  50.000000    0.000000 25.000000

===========================================================================
report_clock_latency
============================================================================
Clock clk
rise -> rise
    min     max
0.000000 0.000000 source latency
0.341870         network latency _238_/CLK
        0.347089 network latency _245_/CLK
---------------
0.341870 0.347089 latency
        0.005219 skew

fall -> fall
    min     max
0.000000 0.000000 source latency
0.327207         network latency _238_/CLK
        0.331832 network latency _245_/CLK
---------------
0.327207 0.331832 latency
        0.004626 skew



===========================================================================
report_clock_min_period
============================================================================
clk period_min = 2.35 fmax = 426.30
