[WARNING ORD-0039] .openroad ignored with -python
Top-level design name: top
Block boundaries: 0 0 67770 78490
Horizontal Tracks Origin: 340, Count: 115, Step: 680
Vertical Tracks Origin: 230, Count: 147, Step: 460
Placement details for the E side
Virtual pin count:  0
Actual pin count:  2
Total pin count:  2
Tracks count:  58
Tracks per pin:  29
Used tracks count:  30
Unused track count:  28
Starting track index:  14
Placement details for the W side
Virtual pin count:  0
Actual pin count:  10
Total pin count:  10
Tracks count:  58
Tracks per pin:  5
Used tracks count:  46
Unused track count:  12
Starting track index:  6
Placement details for the S side
Virtual pin count:  0
Actual pin count:  1
Total pin count:  1
Tracks count:  147
Tracks per pin:  147
Used tracks count:  1
Unused track count:  146
Starting track index:  73
