Clock: clk
Sources: clk 
Generated: no
Virtual: yes
Propagated: no
Period: 50.000000

===========================================================================
report_clock_properties
============================================================================
Clock                   Period          Waveform
----------------------------------------------------
clk                  50.000000    0.000000 25.000000

===========================================================================
report_clock_latency
============================================================================
Clock clk
rise -> rise
    min     max
0.000000 0.000000 source latency
0.229520         network latency _238_/CLK
        0.236087 network latency _245_/CLK
---------------
0.229520 0.236087 latency
        0.006566 skew

fall -> fall
    min     max
0.000000 0.000000 source latency
0.219590         network latency _238_/CLK
        0.225441 network latency _245_/CLK
---------------
0.219590 0.225441 latency
        0.005851 skew



===========================================================================
report_clock_min_period
============================================================================
clk period_min = 1.49 fmax = 672.15
