Clock: clk
Sources: clk 
Generated: no
Virtual: no
Propagated: no
Period: 50.000000

===========================================================================
report_clock_properties
============================================================================
Clock                   Period          Waveform
----------------------------------------------------
clk                  50.000000    0.000000 25.000000

===========================================================================
report_clock_latency
============================================================================
Clock clk
rise -> rise
    min     max
0.000000 0.000000 source latency
0.275119         network latency _220_/CLK
        0.275119 network latency _220_/CLK
---------------
0.275119 0.275119 latency
        0.000000 skew

fall -> fall
    min     max
0.000000 0.000000 source latency
0.153900         network latency _220_/CLK
        0.153900 network latency _220_/CLK
---------------
0.153900 0.153900 latency
        0.000000 skew



===========================================================================
report_clock_min_period
============================================================================
clk period_min = 5.44 fmax = 183.68
