Clock: clk
Sources: clk 
Generated: no
Virtual: yes
Propagated: no
Period: 50.000000

===========================================================================
report_clock_properties
============================================================================
Clock                   Period          Waveform
----------------------------------------------------
clk                  50.000000    0.000000 25.000000

===========================================================================
report_clock_latency
============================================================================
Clock clk
rise -> rise
    min     max
0.000000 0.000000 source latency
0.232957         network latency _238_/CLK
        0.236358 network latency _245_/CLK
---------------
0.232957 0.236358 latency
        0.003401 skew

fall -> fall
    min     max
0.000000 0.000000 source latency
0.220306         network latency _238_/CLK
        0.223340 network latency _245_/CLK
---------------
0.220306 0.223340 latency
        0.003034 skew



===========================================================================
report_clock_min_period
============================================================================
clk period_min = 1.49 fmax = 672.16
