Reading OpenROAD database at '/home/felix/hdl-repo/UART_Chip_SV/runs/RUN_2026-02-05_20-55-55/25-odb-customioplacement/top.odb'…
Reading library file at '/home/felix/.volare/volare/sky130/versions/0fe599b2afb6708d281543108caf8310912f54af/sky130A/libs.ref/sky130_fd_sc_hd/lib/sky130_fd_sc_hd__tt_025C_1v80.lib'…
Reading design constraints file at '/nix/store/h0ldzjka94yryiq8yxbxmwargpnmwhx6-python3-3.11.9-env/lib/python3.11/site-packages/openlane/scripts/base.sdc'…
[INFO] Using clock clk…
[INFO] Setting output delay to: 10
[INFO] Setting input delay to: 10
[INFO] Setting load to: 0.033442
[INFO] Setting clock uncertainty to: 0.25
[INFO] Setting clock transition to: 0.1499999999999999944488848768742172978818416595458984375
[INFO] Setting timing derate to: 5%
[INFO] Setting RC values…
[INFO] Setting signal min routing layer to: met1 and clock min routing layer to met1. 
[INFO] Setting signal max routing layer to: met5 and clock max routing layer to met5. 
+ global_placement -density 0.6406499999999999 -timing_driven -routability_driven -pad_right 0 -pad_left 0 -init_wirelength_coef 0.25
[INFO GPL-0002] DBU: 1000
[INFO GPL-0003] SiteSize: (  0.460  2.720 ) um
[INFO GPL-0004] CoreBBox: (  5.520 10.880 ) ( 62.100 65.280 ) um
[INFO GPL-0006] NumInstances:               225
[INFO GPL-0007] NumPlaceInstances:          141
[INFO GPL-0008] NumFixedInstances:           84
[INFO GPL-0009] NumDummyInstances:            0
[INFO GPL-0010] NumNets:                    152
[INFO GPL-0011] NumPins:                    500
[INFO GPL-0012] DieBBox:  (  0.000  0.000 ) ( 67.770 78.490 ) um
[INFO GPL-0013] CoreBBox: (  5.520 10.880 ) ( 62.100 65.280 ) um
[INFO GPL-0016] CoreArea:              3077.952 um^2
[INFO GPL-0017] NonPlaceInstsArea:      205.197 um^2
[INFO GPL-0018] PlaceInstsArea:        1609.043 um^2
[INFO GPL-0019] Util:                    56.010 %
[INFO GPL-0020] StdInstsArea:          1609.043 um^2
[INFO GPL-0021] MacroInstsArea:           0.000 um^2
[InitialPlace]  Iter: 1 CG residual: 0.00000009 HPWL: 3098691
[InitialPlace]  Iter: 2 CG residual: 0.00000007 HPWL: 2131543
[InitialPlace]  Iter: 3 CG residual: 0.00000004 HPWL: 2057442
[InitialPlace]  Iter: 4 CG residual: 0.00000009 HPWL: 2029159
[InitialPlace]  Iter: 5 CG residual: 0.00000009 HPWL: 2012641
[INFO GPL-0031] FillerInit:NumGCells:       162
[INFO GPL-0032] FillerInit:NumGNets:        152
[INFO GPL-0033] FillerInit:NumGPins:        500
[INFO GPL-0023] TargetDensity:            0.641
[INFO GPL-0024] AvrgPlaceInstArea:       11.412 um^2
[INFO GPL-0025] IdealBinArea:            17.813 um^2
[INFO GPL-0026] IdealBinCnt:                172
[INFO GPL-0027] TotalBinArea:          3077.952 um^2
[INFO GPL-0028] BinCnt:         8      8
[INFO GPL-0029] BinSize: (  7.073  6.800 )
[INFO GPL-0030] NumBins: 64
[NesterovSolve] Iter:    1 overflow: 0.870 HPWL: 883169
[INFO GPL-0100] Timing-driven: executing resizer for reweighting nets.
[INFO GPL-0101] Timing-driven: worst slack 3.88e-08
[INFO GPL-0103] Timing-driven: weighted 15 nets.
[NesterovSolve] Iter:   10 overflow: 0.767 HPWL: 970690
[NesterovSolve] Iter:   20 overflow: 0.737 HPWL: 980809
[NesterovSolve] Iter:   30 overflow: 0.762 HPWL: 974575
[NesterovSolve] Iter:   40 overflow: 0.762 HPWL: 972516
[NesterovSolve] Iter:   50 overflow: 0.754 HPWL: 975936
[NesterovSolve] Iter:   60 overflow: 0.753 HPWL: 976645
[NesterovSolve] Iter:   70 overflow: 0.756 HPWL: 975297
[NesterovSolve] Iter:   80 overflow: 0.757 HPWL: 974982
[NesterovSolve] Iter:   90 overflow: 0.758 HPWL: 975189
[NesterovSolve] Iter:  100 overflow: 0.758 HPWL: 975360
[NesterovSolve] Iter:  110 overflow: 0.757 HPWL: 975566
[NesterovSolve] Iter:  120 overflow: 0.754 HPWL: 975975
[NesterovSolve] Iter:  130 overflow: 0.751 HPWL: 976405
[NesterovSolve] Iter:  140 overflow: 0.745 HPWL: 977094
[NesterovSolve] Iter:  150 overflow: 0.739 HPWL: 978780
[NesterovSolve] Iter:  160 overflow: 0.737 HPWL: 982428
[NesterovSolve] Iter:  170 overflow: 0.734 HPWL: 989961
[NesterovSolve] Iter:  180 overflow: 0.689 HPWL: 1002983
[NesterovSolve] Iter:  190 overflow: 0.653 HPWL: 1015469
[NesterovSolve] Iter:  200 overflow: 0.647 HPWL: 1028185
[INFO GPL-0100] Timing-driven: executing resizer for reweighting nets.
[INFO GPL-0101] Timing-driven: worst slack 3.88e-08
[INFO GPL-0103] Timing-driven: weighted 15 nets.
[NesterovSolve] Iter:  210 overflow: 0.621 HPWL: 1040939
[NesterovSolve] Snapshot saved at iter = 213
[NesterovSolve] Iter:  220 overflow: 0.571 HPWL: 1062170
[NesterovSolve] Iter:  230 overflow: 0.551 HPWL: 1084192
[NesterovSolve] Iter:  240 overflow: 0.519 HPWL: 1119939
[NesterovSolve] Iter:  250 overflow: 0.483 HPWL: 1141671
[INFO GPL-0100] Timing-driven: executing resizer for reweighting nets.
[INFO GPL-0101] Timing-driven: worst slack 3.88e-08
[INFO GPL-0103] Timing-driven: weighted 15 nets.
[NesterovSolve] Iter:  260 overflow: 0.441 HPWL: 1175026
[NesterovSolve] Iter:  270 overflow: 0.408 HPWL: 1206701
[NesterovSolve] Iter:  280 overflow: 0.365 HPWL: 1235622
[NesterovSolve] Iter:  290 overflow: 0.327 HPWL: 1256793
[INFO GPL-0075] Routability numCall: 1 inflationIterCnt: 1 bloatIterCnt: 0
[INFO GPL-0036] TileBBox: (    0    0 ) ( 6900 6900 ) DBU
[INFO GPL-0038] TileCnt:       9   11
[INFO GPL-0040] NumTiles: 99
[INFO GPL-0081] TotalRouteOverflow: 0
[INFO GPL-0082] OverflowTileCnt: 0
[INFO GPL-0083] 0.5%RC: 0.744649350643158
[INFO GPL-0084] 1.0%RC: 0.744649350643158
[INFO GPL-0085] 2.0%RC: 0.7368861436843872
[INFO GPL-0086] 5.0%RC: 0.6956753969192505
[INFO GPL-0087] FinalRC: 0.74464935
[INFO GPL-0077] FinalRC lower than targetRC(1.01), routability not needed.
[NesterovSolve] Iter:  300 overflow: 0.294 HPWL: 1278267
[INFO GPL-0100] Timing-driven: executing resizer for reweighting nets.
[INFO GPL-0101] Timing-driven: worst slack 3.88e-08
[INFO GPL-0103] Timing-driven: weighted 15 nets.
[NesterovSolve] Iter:  310 overflow: 0.263 HPWL: 1300669
[NesterovSolve] Iter:  320 overflow: 0.231 HPWL: 1318375
[INFO GPL-0100] Timing-driven: executing resizer for reweighting nets.
[INFO GPL-0101] Timing-driven: worst slack 3.88e-08
[INFO GPL-0103] Timing-driven: weighted 15 nets.
[NesterovSolve] Iter:  330 overflow: 0.197 HPWL: 1343832
[NesterovSolve] Iter:  340 overflow: 0.165 HPWL: 1367003
[INFO GPL-0100] Timing-driven: executing resizer for reweighting nets.
[INFO GPL-0101] Timing-driven: worst slack 3.88e-08
[INFO GPL-0103] Timing-driven: weighted 15 nets.
[NesterovSolve] Iter:  350 overflow: 0.132 HPWL: 1384273
[NesterovSolve] Iter:  360 overflow: 0.106 HPWL: 1405873
[NesterovSolve] Finished with Overflow: 0.097481
[INFO] Setting RC values…
Setting global connections for newly added cells…
[INFO] Setting global connections...
Updating metrics…
Cell type report:                       Count       Area
  Fill cell                                40     150.14
  Tap cell                                 44      55.05
  Inverter                                 39     146.39
  Sequential cell                          31     814.53
  Multi-Input combinational cell           71     648.12
  Total                                   225    1814.24
Writing OpenROAD database to '/home/felix/hdl-repo/UART_Chip_SV/runs/RUN_2026-02-05_20-55-55/27-openroad-globalplacement/top.odb'…
Writing netlist to '/home/felix/hdl-repo/UART_Chip_SV/runs/RUN_2026-02-05_20-55-55/27-openroad-globalplacement/top.nl.v'…
Writing powered netlist to '/home/felix/hdl-repo/UART_Chip_SV/runs/RUN_2026-02-05_20-55-55/27-openroad-globalplacement/top.pnl.v'…
Writing layout to '/home/felix/hdl-repo/UART_Chip_SV/runs/RUN_2026-02-05_20-55-55/27-openroad-globalplacement/top.def'…
Writing timing constraints to '/home/felix/hdl-repo/UART_Chip_SV/runs/RUN_2026-02-05_20-55-55/27-openroad-globalplacement/top.sdc'…
