Clock: clk
Sources: clk 
Generated: no
Virtual: yes
Propagated: no
Period: 50.000000

===========================================================================
report_clock_properties
============================================================================
Clock                   Period          Waveform
----------------------------------------------------
clk                  50.000000    0.000000 25.000000

===========================================================================
report_clock_latency
============================================================================
Clock clk
rise -> rise
    min     max
0.000000 0.000000 source latency
0.329782         network latency _224_/CLK
        0.335050 network latency _220_/CLK
---------------
0.329782 0.335050 latency
        0.005269 skew

fall -> fall
    min     max
0.000000 0.000000 source latency
0.320375         network latency _224_/CLK
        0.324981 network latency _220_/CLK
---------------
0.320375 0.324981 latency
        0.004606 skew



===========================================================================
report_clock_min_period
============================================================================
clk period_min = 2.38 fmax = 420.24
