Clock: clk
Sources: clk 
Generated: no
Virtual: yes
Propagated: no
Period: 50.000000

===========================================================================
report_clock_properties
============================================================================
Clock                   Period          Waveform
----------------------------------------------------
clk                  50.000000    0.000000 25.000000

===========================================================================
report_clock_latency
============================================================================
Clock clk
rise -> rise
    min     max
0.000000 0.000000 source latency
0.225475         network latency _234_/CLK
        0.231482 network latency _245_/CLK
---------------
0.225475 0.231482 latency
        0.006007 skew

fall -> fall
    min     max
0.000000 0.000000 source latency
0.216618         network latency _234_/CLK
        0.221901 network latency _245_/CLK
---------------
0.216618 0.221901 latency
        0.005283 skew



===========================================================================
report_clock_min_period
============================================================================
clk period_min = 1.48 fmax = 675.87
