117. Printing statistics.

=== top ===

   Number of wires:                145
   Number of wire bits:            152
   Number of public wires:          35
   Number of public wire bits:      42
   Number of ports:                  6
   Number of port bits:             13
   Number of memories:               0
   Number of memory bits:            0
   Number of processes:              0
   Number of cells:                141
     sky130_fd_sc_hd__a211o_2        2
     sky130_fd_sc_hd__a21bo_2        2
     sky130_fd_sc_hd__a21o_2         2
     sky130_fd_sc_hd__a21oi_2        2
     sky130_fd_sc_hd__a22o_2         3
     sky130_fd_sc_hd__a22oi_2        1
     sky130_fd_sc_hd__a2bb2o_2       1
     sky130_fd_sc_hd__a311o_2        3
     sky130_fd_sc_hd__and2_2         4
     sky130_fd_sc_hd__and3_2         7
     sky130_fd_sc_hd__and3b_2        4
     sky130_fd_sc_hd__and4_2         3
     sky130_fd_sc_hd__and4b_2        1
     sky130_fd_sc_hd__dfrtp_2       29
     sky130_fd_sc_hd__dfstp_2        2
     sky130_fd_sc_hd__inv_2         39
     sky130_fd_sc_hd__mux2_1        10
     sky130_fd_sc_hd__nand2_2        6
     sky130_fd_sc_hd__nand2b_2       1
     sky130_fd_sc_hd__nand3_2        1
     sky130_fd_sc_hd__nand4_2        1
     sky130_fd_sc_hd__nor2_2         5
     sky130_fd_sc_hd__o211a_2        1
     sky130_fd_sc_hd__o21a_2         2
     sky130_fd_sc_hd__o21ba_2        1
     sky130_fd_sc_hd__or2_2          2
     sky130_fd_sc_hd__or3_2          2
     sky130_fd_sc_hd__or3b_2         2
     sky130_fd_sc_hd__or4b_2         1
     sky130_fd_sc_hd__xor2_2         1

   Chip area for module '\top': 1609.043200
     of which used for sequential elements: 814.531200 (50.62%)

