Clock: clk
Sources: clk 
Generated: no
Virtual: yes
Propagated: no
Period: 50.000000

===========================================================================
report_clock_properties
============================================================================
Clock                   Period          Waveform
----------------------------------------------------
clk                  50.000000    0.000000 25.000000

===========================================================================
report_clock_latency
============================================================================
Clock clk
rise -> rise
    min     max
0.000000 0.000000 source latency
0.225283         network latency _224_/CLK
        0.229216 network latency _220_/CLK
---------------
0.225283 0.229216 latency
        0.003933 skew

fall -> fall
    min     max
0.000000 0.000000 source latency
0.216074         network latency _224_/CLK
        0.219432 network latency _220_/CLK
---------------
0.216074 0.219432 latency
        0.003357 skew



===========================================================================
report_clock_min_period
============================================================================
clk period_min = 1.50 fmax = 664.50
