Clock: clk
Sources: clk 
Generated: no
Virtual: yes
Propagated: no
Period: 50.000000

===========================================================================
report_clock_properties
============================================================================
Clock                   Period          Waveform
----------------------------------------------------
clk                  50.000000    0.000000 25.000000

===========================================================================
report_clock_latency
============================================================================
Clock clk
rise -> rise
    min     max
0.000000 0.000000 source latency
0.565275         network latency _234_/CLK
        0.577058 network latency _245_/CLK
---------------
0.565275 0.577058 latency
        0.011784 skew

fall -> fall
    min     max
0.000000 0.000000 source latency
0.566700         network latency _234_/CLK
        0.576502 network latency _245_/CLK
---------------
0.566700 0.576502 latency
        0.009802 skew



===========================================================================
report_clock_min_period
============================================================================
clk period_min = 5.00 fmax = 200.12
