Clock: clk
Sources: clk 
Generated: no
Virtual: yes
Propagated: no
Period: 50.000000

===========================================================================
report_clock_properties
============================================================================
Clock                   Period          Waveform
----------------------------------------------------
clk                  50.000000    0.000000 25.000000

===========================================================================
report_clock_latency
============================================================================
Clock clk
rise -> rise
    min     max
0.000000 0.000000 source latency
0.251162         network latency _227_/CLK
        0.251800 network latency _236_/CLK
---------------
0.251162 0.251800 latency
        0.000638 skew

fall -> fall
    min     max
0.000000 0.000000 source latency
0.121368         network latency _227_/CLK
        0.121968 network latency _236_/CLK
---------------
0.121368 0.121968 latency
        0.000600 skew



===========================================================================
report_clock_min_period
============================================================================
clk period_min = 2.57 fmax = 389.70
