Clock: clk
Sources: clk 
Generated: no
Virtual: yes
Propagated: no
Period: 50.000000

===========================================================================
report_clock_properties
============================================================================
Clock                   Period          Waveform
----------------------------------------------------
clk                  50.000000    0.000000 25.000000

===========================================================================
report_clock_latency
============================================================================
Clock clk
rise -> rise
    min     max
0.000000 0.000000 source latency
0.592380         network latency _238_/CLK
        0.599207 network latency _245_/CLK
---------------
0.592380 0.599207 latency
        0.006828 skew

fall -> fall
    min     max
0.000000 0.000000 source latency
0.583233         network latency _238_/CLK
        0.589278 network latency _245_/CLK
---------------
0.583233 0.589278 latency
        0.006045 skew



===========================================================================
report_clock_min_period
============================================================================
clk period_min = 5.04 fmax = 198.43
