Clock: clk
Sources: clk 
Generated: no
Virtual: yes
Propagated: no
Period: 50.000000

===========================================================================
report_clock_properties
============================================================================
Clock                   Period          Waveform
----------------------------------------------------
clk                  50.000000    0.000000 25.000000

===========================================================================
report_clock_latency
============================================================================
Clock clk
rise -> rise
    min     max
0.000000 0.000000 source latency
0.334567         network latency _224_/CLK
        0.340653 network latency _220_/CLK
---------------
0.334567 0.340653 latency
        0.006087 skew

fall -> fall
    min     max
0.000000 0.000000 source latency
0.323780         network latency _224_/CLK
        0.329273 network latency _220_/CLK
---------------
0.323780 0.329273 latency
        0.005492 skew



===========================================================================
report_clock_min_period
============================================================================
clk period_min = 2.40 fmax = 416.87
