Clock: clk
Sources: clk 
Generated: no
Virtual: yes
Propagated: no
Period: 50.000000

===========================================================================
report_clock_properties
============================================================================
Clock                   Period          Waveform
----------------------------------------------------
clk                  50.000000    0.000000 25.000000

===========================================================================
report_clock_latency
============================================================================
Clock clk
rise -> rise
    min     max
0.000000 0.000000 source latency
0.237211         network latency _238_/CLK
        0.241478 network latency _245_/CLK
---------------
0.237211 0.241478 latency
        0.004267 skew

fall -> fall
    min     max
0.000000 0.000000 source latency
0.223425         network latency _238_/CLK
        0.227242 network latency _245_/CLK
---------------
0.223425 0.227242 latency
        0.003817 skew



===========================================================================
report_clock_min_period
============================================================================
clk period_min = 1.50 fmax = 668.68
