
===========================================================================
report_checks -unconstrained
===========================================================================
======================= min_ff_n40C_1v95 Corner ===================================

Startpoint: rst (input port clocked by clk)
Endpoint: _220_ (recovery check against rising-edge clock clk)
Path Group: asynchronous
Path Type: max

Fanout         Cap        Slew       Delay        Time   Description
---------------------------------------------------------------------------------------------
                                  0.000000    0.000000   clock clk (rise edge)
                                  0.000000    0.000000   clock network delay (propagated)
                                 10.000000   10.000000 v input external delay
     1    0.002589    0.004421    0.002073   10.002073 v rst (in)
                                                         rst (net)
                      0.004421    0.000000   10.002073 v input10/A (sky130_fd_sc_hd__clkbuf_1)
     1    0.004586    0.024515    0.052411   10.054484 v input10/X (sky130_fd_sc_hd__clkbuf_1)
                                                         net10 (net)
                      0.024515    0.000085   10.054570 v fanout18/A (sky130_fd_sc_hd__clkbuf_2)
     5    0.029801    0.080730    0.115855   10.170424 v fanout18/X (sky130_fd_sc_hd__clkbuf_2)
                                                         net18 (net)
                      0.080730    0.000104   10.170528 v fanout16/A (sky130_fd_sc_hd__clkbuf_4)
     9    0.048741    0.074582    0.158874   10.329403 v fanout16/X (sky130_fd_sc_hd__clkbuf_4)
                                                         net16 (net)
                      0.074582    0.000266   10.329669 v fanout15/A (sky130_fd_sc_hd__buf_4)
    10    0.053710    0.058332    0.144108   10.473777 v fanout15/X (sky130_fd_sc_hd__buf_4)
                                                         net15 (net)
                      0.058339    0.000649   10.474426 v _132_/A (sky130_fd_sc_hd__inv_2)
     1    0.003824    0.024574    0.039935   10.514361 ^ _132_/Y (sky130_fd_sc_hd__inv_2)
                                                         _018_ (net)
                      0.024574    0.000026   10.514387 ^ _220_/RESET_B (sky130_fd_sc_hd__dfrtp_2)
                                             10.514387   data arrival time

                                 50.000000   50.000000   clock clk (rise edge)
                                  0.000000   50.000000   clock source latency
     1    0.014527    0.053621    0.036167   50.036163 ^ clk (in)
                                                         clk (net)
                      0.053625    0.000000   50.036163 ^ clkbuf_0_clk/A (sky130_fd_sc_hd__clkbuf_16)
     4    0.038188    0.043930    0.102535   50.138699 ^ clkbuf_0_clk/X (sky130_fd_sc_hd__clkbuf_16)
                                                         clknet_0_clk (net)
                      0.043933    0.000401   50.139103 ^ clkbuf_2_0__f_clk/A (sky130_fd_sc_hd__clkbuf_16)
     9    0.026858    0.035867    0.092950   50.232052 ^ clkbuf_2_0__f_clk/X (sky130_fd_sc_hd__clkbuf_16)
                                                         clknet_2_0__leaf_clk (net)
                      0.035867    0.000099   50.232151 ^ _220_/CLK (sky130_fd_sc_hd__dfrtp_2)
                                 -0.250000   49.982151   clock uncertainty
                                  0.000000   49.982151   clock reconvergence pessimism
                                  0.136099   50.118252   library recovery time
                                             50.118252   data required time
---------------------------------------------------------------------------------------------
                                             50.118252   data required time
                                            -10.514387   data arrival time
---------------------------------------------------------------------------------------------
                                             39.603863   slack (MET)


Startpoint: _239_ (rising edge-triggered flip-flop clocked by clk)
Endpoint: tx (output port clocked by clk)
Path Group: clk
Path Type: max

Fanout         Cap        Slew       Delay        Time   Description
---------------------------------------------------------------------------------------------
                                  0.000000    0.000000   clock clk (rise edge)
                                  0.000000    0.000000   clock source latency
     1    0.014527    0.053621    0.036168    0.036168 ^ clk (in)
                                                         clk (net)
                      0.053625    0.000000    0.036168 ^ clkbuf_0_clk/A (sky130_fd_sc_hd__clkbuf_16)
     4    0.038188    0.043930    0.102534    0.138701 ^ clkbuf_0_clk/X (sky130_fd_sc_hd__clkbuf_16)
                                                         clknet_0_clk (net)
                      0.043934    0.000421    0.139122 ^ clkbuf_2_1__f_clk/A (sky130_fd_sc_hd__clkbuf_16)
     9    0.025298    0.034778    0.091902    0.231024 ^ clkbuf_2_1__f_clk/X (sky130_fd_sc_hd__clkbuf_16)
                                                         clknet_2_1__leaf_clk (net)
                      0.034779    0.000147    0.231171 ^ _239_/CLK (sky130_fd_sc_hd__dfstp_1)
     1    0.002145    0.030106    0.295225    0.526397 ^ _239_/Q (sky130_fd_sc_hd__dfstp_1)
                                                         net12 (net)
                      0.030106    0.000018    0.526415 ^ output12/A (sky130_fd_sc_hd__buf_2)
     1    0.033936    0.126996    0.136473    0.662888 ^ output12/X (sky130_fd_sc_hd__buf_2)
                                                         tx (net)
                      0.126997    0.000165    0.663053 ^ tx (out)
                                              0.663053   data arrival time

                                 50.000000   50.000000   clock clk (rise edge)
                                  0.000000   50.000000   clock network delay (propagated)
                                 -0.250000   49.749996   clock uncertainty
                                  0.000000   49.749996   clock reconvergence pessimism
                                -10.000000   39.749996   output external delay
                                             39.749996   data required time
---------------------------------------------------------------------------------------------
                                             39.749996   data required time
                                             -0.663053   data arrival time
---------------------------------------------------------------------------------------------
                                             39.086945   slack (MET)




===========================================================================
report_checks --slack_max -0.01
============================================================================
======================= min_ff_n40C_1v95 Corner ===================================

No paths found.


===========================================================================
 report_check_types -max_slew -max_cap -max_fanout -violators
============================================================================
======================= min_ff_n40C_1v95 Corner ===================================



===========================================================================
report_parasitic_annotation -report_unannotated
============================================================================
Found 3 unannotated drivers.
 clkload0/X
 clkload1/X
 clkload2/Y
Found 0 partially unannotated drivers.

===========================================================================
max slew violation count 0
max fanout violation count 0
max cap violation count 0
============================================================================

===========================================================================
check_setup -verbose -unconstrained_endpoints -multiple_clock -no_clock -no_input_delay -loops -generated_clocks
===========================================================================
