Clock: clk
Sources: clk 
Generated: no
Virtual: yes
Propagated: no
Period: 50.000000

===========================================================================
report_clock_properties
============================================================================
Clock                   Period          Waveform
----------------------------------------------------
clk                  50.000000    0.000000 25.000000

===========================================================================
report_clock_latency
============================================================================
Clock clk
rise -> rise
    min     max
0.000000 0.000000 source latency
0.229753         network latency _238_/CLK
        0.232712 network latency _245_/CLK
---------------
0.229753 0.232712 latency
        0.002959 skew

fall -> fall
    min     max
0.000000 0.000000 source latency
0.218138         network latency _238_/CLK
        0.220780 network latency _245_/CLK
---------------
0.218138 0.220780 latency
        0.002641 skew



===========================================================================
report_clock_min_period
============================================================================
clk period_min = 1.48 fmax = 676.65
