Clock: clk
Sources: clk 
Generated: no
Virtual: yes
Propagated: no
Period: 50.000000

===========================================================================
report_clock_properties
============================================================================
Clock                   Period          Waveform
----------------------------------------------------
clk                  50.000000    0.000000 25.000000

===========================================================================
report_clock_latency
============================================================================
Clock clk
rise -> rise
    min     max
0.000000 0.000000 source latency
0.572805         network latency _238_/CLK
        0.585434 network latency _245_/CLK
---------------
0.572805 0.585434 latency
        0.012629 skew

fall -> fall
    min     max
0.000000 0.000000 source latency
0.572587         network latency _238_/CLK
        0.583114 network latency _245_/CLK
---------------
0.572587 0.583114 latency
        0.010527 skew



===========================================================================
report_clock_min_period
============================================================================
clk period_min = 5.02 fmax = 199.27
