Clock: clk
Sources: clk 
Generated: no
Virtual: yes
Propagated: no
Period: 50.000000

===========================================================================
report_clock_properties
============================================================================
Clock                   Period          Waveform
----------------------------------------------------
clk                  50.000000    0.000000 25.000000

===========================================================================
report_clock_latency
============================================================================
Clock clk
rise -> rise
    min     max
0.000000 0.000000 source latency
0.318784         network latency _227_/CLK
        0.323664 network latency _220_/CLK
---------------
0.318784 0.323664 latency
        0.004879 skew

fall -> fall
    min     max
0.000000 0.000000 source latency
0.313451         network latency _227_/CLK
        0.317550 network latency _220_/CLK
---------------
0.313451 0.317550 latency
        0.004100 skew



===========================================================================
report_clock_min_period
============================================================================
clk period_min = 2.31 fmax = 432.69
