Clock: clk
Sources: clk 
Generated: no
Virtual: yes
Propagated: no
Period: 50.000000

===========================================================================
report_clock_properties
============================================================================
Clock                   Period          Waveform
----------------------------------------------------
clk                  50.000000    0.000000 25.000000

===========================================================================
report_clock_latency
============================================================================
Clock clk
rise -> rise
    min     max
0.000000 0.000000 source latency
0.325397         network latency _224_/CLK
        0.330407 network latency _220_/CLK
---------------
0.325397 0.330407 latency
        0.005010 skew

fall -> fall
    min     max
0.000000 0.000000 source latency
0.317403         network latency _224_/CLK
        0.321643 network latency _220_/CLK
---------------
0.317403 0.321643 latency
        0.004240 skew



===========================================================================
report_clock_min_period
============================================================================
clk period_min = 2.36 fmax = 423.55
